<?xml version="1.0" encoding="UTF-8"?>
<!-- Generated by org.testng.reporters.JUnitReportReporter -->
<testsuite skipped="0" hostname="Neelkanth-PC" name="webelementmethods.Methodgetattribute" tests="1" failures="0" timestamp="26 Feb 2021 12:51:26 GMT" time="2.980" errors="0">
  <testcase name="testMethodgetattribute" time="2.980" classname="webelementmethods.Methodgetattribute"/>
</testsuite> <!-- webelementmethods.Methodgetattribute -->
