<?xml version="1.0" encoding="UTF-8"?>
<!-- Generated by org.testng.reporters.JUnitReportReporter -->
<testsuite skipped="0" hostname="Neelkanth-PC" name="webelementmethods.Methoperformexerices2" tests="1" failures="0" timestamp="26 Feb 2021 14:07:48 GMT" time="19.582" errors="0">
  <testcase name="testMethodisdisplayed" time="19.582" classname="webelementmethods.Methoperformexerices2"/>
</testsuite> <!-- webelementmethods.Methoperformexerices2 -->
