<?xml version="1.0" encoding="UTF-8"?>
<!-- Generated by org.testng.reporters.JUnitReportReporter -->
<testsuite skipped="0" hostname="Neelkanth-PC" name="webelementmethods.Methodisdisplayed" tests="1" failures="0" timestamp="26 Feb 2021 11:44:05 GMT" time="13.785" errors="0">
  <testcase name="testMethodisdisplayed" time="13.785" classname="webelementmethods.Methodisdisplayed"/>
</testsuite> <!-- webelementmethods.Methodisdisplayed -->
