<?xml version="1.0" encoding="UTF-8"?>
<!-- Generated by org.testng.reporters.JUnitReportReporter -->
<testsuite skipped="0" hostname="Neelkanth-PC" name="Accessmultipleelement.Accessmultipleelment" tests="1" failures="0" timestamp="26 Feb 2021 13:45:39 GMT" time="97.139" errors="0">
  <testcase name="testAccessmultipleelment" time="97.139" classname="Accessmultipleelement.Accessmultipleelment"/>
</testsuite> <!-- Accessmultipleelement.Accessmultipleelment -->
